# JRE version: OpenJDK Runtime Environment Temurin-17.0.6+10 (17.0.6+10) (build 17.0.6+10)
# Java VM: OpenJDK 64-Bit Server VM Temurin-17.0.6+10 (17.0.6+10, mixed mode, emulated-client, tiered, compressed oops, compressed class ptrs, g1 gc, windows-amd64)
GC Precious Log:
 CPUs: 8 total, 8 available
 Memory: 8058M
 Large Page Support: Disabled
 NUMA Support: Disabled
 Compressed Oops: Enabled (32-bit)
 Heap Region Size: 1M
 Heap Min Capacity: 8M
 Heap Initial Capacity: 126M
 Heap Max Capacity: 2016M
 Pre-touch: Disabled
 Parallel Workers: 8
 Concurrent Workers: 2
 Concurrent Refinement Workers: 8
 Periodic GC: Disabled
Heap:
 garbage-first heap   total 488448K, used 248809K [0x0000000082000000, 0x0000000100000000)
  region size 1024K, 16 young (16384K), 16 survivors (16384K)
 Metaspace       used 69687K, committed 70144K, reserved 1114112K
  class space    used 9508K, committed 9728K, reserved 1048576K
GC Heap History (20 events):
Event: 14.439 GC heap after
{Heap after GC invocations=21 (full 0):
 garbage-first heap   total 89088K, used 47982K [0x0000000082000000, 0x0000000100000000)
  region size 1024K, 4 young (4096K), 4 survivors (4096K)
 Metaspace       used 68966K, committed 69504K, reserved 1114112K
  class space    used 9413K, committed 9664K, reserved 1048576K
}
Event: 14.443 GC heap before
{Heap before GC invocations=21 (full 0):
 garbage-first heap   total 89088K, used 66414K [0x0000000082000000, 0x0000000100000000)
  region size 1024K, 23 young (23552K), 4 survivors (4096K)
 Metaspace       used 68966K, committed 69504K, reserved 1114112K
  class space    used 9413K, committed 9664K, reserved 1048576K
}
Event: 14.446 GC heap after
{Heap after GC invocations=22 (full 0):
 garbage-first heap   total 178176K, used 53268K [0x0000000082000000, 0x0000000100000000)
  region size 1024K, 3 young (3072K), 3 survivors (3072K)
 Metaspace       used 68966K, committed 69504K, reserved 1114112K
  class space    used 9413K, committed 9664K, reserved 1048576K
}
Event: 14.507 GC heap before
{Heap before GC invocations=22 (full 0):
 garbage-first heap   total 178176K, used 121876K [0x0000000082000000, 0x0000000100000000)
  region size 1024K, 71 young (72704K), 3 survivors (3072K)
 Metaspace       used 68966K, committed 69504K, reserved 1114112K
  class space    used 9413K, committed 9664K, reserved 1048576K
}
Event: 14.511 GC heap after
{Heap after GC invocations=23 (full 0):
 garbage-first heap   total 178176K, used 73250K [0x0000000082000000, 0x0000000100000000)
  region size 1024K, 9 young (9216K), 9 survivors (9216K)
 Metaspace       used 68966K, committed 69504K, reserved 1114112K
  class space    used 9413K, committed 9664K, reserved 1048576K
}
Event: 14.520 GC heap before
{Heap before GC invocations=24 (full 0):
 garbage-first heap   total 178176K, used 125474K [0x0000000082000000, 0x0000000100000000)
  region size 1024K, 61 young (62464K), 9 survivors (9216K)
 Metaspace       used 68966K, committed 69504K, reserved 1114112K
  class space    used 9413K, committed 9664K, reserved 1048576K
}
Event: 14.524 GC heap after
{Heap after GC invocations=25 (full 0):
 garbage-first heap   total 178176K, used 88446K [0x0000000082000000, 0x0000000100000000)
  region size 1024K, 8 young (8192K), 8 survivors (8192K)
 Metaspace       used 68966K, committed 69504K, reserved 1114112K
  class space    used 9413K, committed 9664K, reserved 1048576K
}
Event: 14.531 GC heap before
{Heap before GC invocations=25 (full 0):
 garbage-first heap   total 178176K, used 129406K [0x0000000082000000, 0x0000000100000000)
  region size 1024K, 49 young (50176K), 8 survivors (8192K)
 Metaspace       used 68966K, committed 69504K, reserved 1114112K
  class space    used 9413K, committed 9664K, reserved 1048576K
}
Event: 14.536 GC heap after
{Heap after GC invocations=26 (full 0):
 garbage-first heap   total 178176K, used 100374K [0x0000000082000000, 0x0000000100000000)
  region size 1024K, 7 young (7168K), 7 survivors (7168K)
 Metaspace       used 68966K, committed 69504K, reserved 1114112K
  class space    used 9413K, committed 9664K, reserved 1048576K
}
Event: 14.542 GC heap before
{Heap before GC invocations=26 (full 0):
 garbage-first heap   total 178176K, used 134166K [0x0000000082000000, 0x0000000100000000)
  region size 1024K, 41 young (41984K), 7 survivors (7168K)
 Metaspace       used 68966K, committed 69504K, reserved 1114112K
  class space    used 9413K, committed 9664K, reserved 1048576K
}
Event: 14.548 GC heap after
{Heap after GC invocations=27 (full 0):
 garbage-first heap   total 488448K, used 110280K [0x0000000082000000, 0x0000000100000000)
  region size 1024K, 6 young (6144K), 6 survivors (6144K)
 Metaspace       used 68966K, committed 69504K, reserved 1114112K
  class space    used 9413K, committed 9664K, reserved 1048576K
}
Event: 14.663 GC heap before
{Heap before GC invocations=28 (full 0):
 garbage-first heap   total 488448K, used 298696K [0x0000000082000000, 0x0000000100000000)
  region size 1024K, 191 young (195584K), 6 survivors (6144K)
 Metaspace       used 68966K, committed 69504K, reserved 1114112K
  class space    used 9413K, committed 9664K, reserved 1048576K
}
Event: 14.675 GC heap after
{Heap after GC invocations=29 (full 0):
 garbage-first heap   total 488448K, used 164388K [0x0000000082000000, 0x0000000100000000)
  region size 1024K, 24 young (24576K), 24 survivors (24576K)
 Metaspace       used 68966K, committed 69504K, reserved 1114112K
  class space    used 9413K, committed 9664K, reserved 1048576K
}
Event: 14.676 GC heap before
{Heap before GC invocations=29 (full 0):
 garbage-first heap   total 488448K, used 169508K [0x0000000082000000, 0x0000000100000000)
  region size 1024K, 30 young (30720K), 24 survivors (24576K)
 Metaspace       used 68966K, committed 69504K, reserved 1114112K
  class space    used 9413K, committed 9664K, reserved 1048576K
}
Event: 14.681 GC heap after
{Heap after GC invocations=30 (full 0):
 garbage-first heap   total 488448K, used 166192K [0x0000000082000000, 0x0000000100000000)
  region size 1024K, 2 young (2048K), 2 survivors (2048K)
 Metaspace       used 68966K, committed 69504K, reserved 1114112K
  class space    used 9413K, committed 9664K, reserved 1048576K
}
Event: 14.699 GC heap before
{Heap before GC invocations=30 (full 0):
 garbage-first heap   total 488448K, used 305456K [0x0000000082000000, 0x0000000100000000)
  region size 1024K, 139 young (142336K), 2 survivors (2048K)
 Metaspace       used 68966K, committed 69504K, reserved 1114112K
  class space    used 9413K, committed 9664K, reserved 1048576K
}
Event: 14.707 GC heap after
{Heap after GC invocations=31 (full 0):
 garbage-first heap   total 488448K, used 206322K [0x0000000082000000, 0x0000000100000000)
  region size 1024K, 18 young (18432K), 18 survivors (18432K)
 Metaspace       used 68966K, committed 69504K, reserved 1114112K
  class space    used 9413K, committed 9664K, reserved 1048576K
}
Event: 14.724 GC heap before
{Heap before GC invocations=31 (full 0):
 garbage-first heap   total 488448K, used 331250K [0x0000000082000000, 0x0000000100000000)
  region size 1024K, 141 young (144384K), 18 survivors (18432K)
 Metaspace       used 68966K, committed 69504K, reserved 1114112K
  class space    used 9413K, committed 9664K, reserved 1048576K
}
Event: 14.736 GC heap after
{Heap after GC invocations=32 (full 0):
 garbage-first heap   total 488448K, used 242162K [0x0000000082000000, 0x0000000100000000)
  region size 1024K, 18 young (18432K), 18 survivors (18432K)
 Metaspace       used 68966K, committed 69504K, reserved 1114112K
  class space    used 9413K, committed 9664K, reserved 1048576K
}
Event: 220.226 GC heap before
{Heap before GC invocations=32 (full 0):
 garbage-first heap   total 488448K, used 351730K [0x0000000082000000, 0x0000000100000000)
  region size 1024K, 126 young (129024K), 18 survivors (18432K)
 Metaspace       used 69687K, committed 70144K, reserved 1114112K
  class space    used 9508K, committed 9728K, reserved 1048576K
}

