# JRE version: OpenJDK Runtime Environment Temurin-17.0.6+10 (17.0.6+10) (build 17.0.6+10)
# Java VM: OpenJDK 64-Bit Server VM Temurin-17.0.6+10 (17.0.6+10, mixed mode, emulated-client, tiered, compressed oops, compressed class ptrs, g1 gc, windows-amd64)
GC Precious Log:
 CPUs: 8 total, 8 available
 Memory: 8058M
 Large Page Support: Disabled
 NUMA Support: Disabled
 Compressed Oops: Enabled (32-bit)
 Heap Region Size: 1M
 Heap Min Capacity: 8M
 Heap Initial Capacity: 126M
 Heap Max Capacity: 2016M
 Pre-touch: Disabled
 Parallel Workers: 8
 Concurrent Workers: 2
 Concurrent Refinement Workers: 8
 Periodic GC: Disabled
Heap:
 garbage-first heap   total 129024K, used 73364K [0x0000000082000000, 0x0000000100000000)
  region size 1024K, 3 young (3072K), 3 survivors (3072K)
 Metaspace       used 68972K, committed 69504K, reserved 1114112K
  class space    used 9410K, committed 9664K, reserved 1048576K
GC Heap History (20 events):
Event: 3.517 GC heap after
{Heap after GC invocations=13 (full 0):
 garbage-first heap   total 115712K, used 20524K [0x0000000082000000, 0x0000000100000000)
  region size 1024K, 3 young (3072K), 3 survivors (3072K)
 Metaspace       used 48057K, committed 48448K, reserved 1097728K
  class space    used 6386K, committed 6592K, reserved 1048576K
}
Event: 4.721 GC heap before
{Heap before GC invocations=13 (full 0):
 garbage-first heap   total 115712K, used 86060K [0x0000000082000000, 0x0000000100000000)
  region size 1024K, 67 young (68608K), 3 survivors (3072K)
 Metaspace       used 59276K, committed 59712K, reserved 1105920K
  class space    used 8057K, committed 8256K, reserved 1048576K
}
Event: 4.736 GC heap after
{Heap after GC invocations=14 (full 0):
 garbage-first heap   total 115712K, used 24713K [0x0000000082000000, 0x0000000100000000)
  region size 1024K, 7 young (7168K), 7 survivors (7168K)
 Metaspace       used 59276K, committed 59712K, reserved 1105920K
  class space    used 8057K, committed 8256K, reserved 1048576K
}
Event: 4.810 GC heap before
{Heap before GC invocations=14 (full 0):
 garbage-first heap   total 115712K, used 29833K [0x0000000082000000, 0x0000000100000000)
  region size 1024K, 13 young (13312K), 7 survivors (7168K)
 Metaspace       used 60003K, committed 60416K, reserved 1105920K
  class space    used 8162K, committed 8384K, reserved 1048576K
}
Event: 4.820 GC heap after
{Heap after GC invocations=15 (full 0):
 garbage-first heap   total 115712K, used 25577K [0x0000000082000000, 0x0000000100000000)
  region size 1024K, 5 young (5120K), 5 survivors (5120K)
 Metaspace       used 60003K, committed 60416K, reserved 1105920K
  class space    used 8162K, committed 8384K, reserved 1048576K
}
Event: 5.246 GC heap before
{Heap before GC invocations=16 (full 0):
 garbage-first heap   total 89088K, used 73705K [0x0000000082000000, 0x0000000100000000)
  region size 1024K, 52 young (53248K), 5 survivors (5120K)
 Metaspace       used 61754K, committed 62208K, reserved 1105920K
  class space    used 8450K, committed 8640K, reserved 1048576K
}
Event: 5.251 GC heap after
{Heap after GC invocations=17 (full 0):
 garbage-first heap   total 89088K, used 27286K [0x0000000082000000, 0x0000000100000000)
  region size 1024K, 3 young (3072K), 3 survivors (3072K)
 Metaspace       used 61754K, committed 62208K, reserved 1105920K
  class space    used 8450K, committed 8640K, reserved 1048576K
}
Event: 40.529 GC heap before
{Heap before GC invocations=17 (full 0):
 garbage-first heap   total 89088K, used 71318K [0x0000000082000000, 0x0000000100000000)
  region size 1024K, 46 young (47104K), 3 survivors (3072K)
 Metaspace       used 67385K, committed 67840K, reserved 1114112K
  class space    used 9222K, committed 9472K, reserved 1048576K
}
Event: 40.539 GC heap after
{Heap after GC invocations=18 (full 0):
 garbage-first heap   total 89088K, used 30276K [0x0000000082000000, 0x0000000100000000)
  region size 1024K, 6 young (6144K), 6 survivors (6144K)
 Metaspace       used 67385K, committed 67840K, reserved 1114112K
  class space    used 9222K, committed 9472K, reserved 1048576K
}
Event: 40.678 GC heap before
{Heap before GC invocations=18 (full 0):
 garbage-first heap   total 89088K, used 70212K [0x0000000082000000, 0x0000000100000000)
  region size 1024K, 46 young (47104K), 6 survivors (6144K)
 Metaspace       used 68972K, committed 69504K, reserved 1114112K
  class space    used 9410K, committed 9664K, reserved 1048576K
}
Event: 40.683 GC heap after
{Heap after GC invocations=19 (full 0):
 garbage-first heap   total 89088K, used 41678K [0x0000000082000000, 0x0000000100000000)
  region size 1024K, 6 young (6144K), 6 survivors (6144K)
 Metaspace       used 68972K, committed 69504K, reserved 1114112K
  class space    used 9410K, committed 9664K, reserved 1048576K
}
Event: 40.686 GC heap before
{Heap before GC invocations=19 (full 0):
 garbage-first heap   total 89088K, used 67278K [0x0000000082000000, 0x0000000100000000)
  region size 1024K, 32 young (32768K), 6 survivors (6144K)
 Metaspace       used 68972K, committed 69504K, reserved 1114112K
  class space    used 9410K, committed 9664K, reserved 1048576K
}
Event: 40.689 GC heap after
{Heap after GC invocations=20 (full 0):
 garbage-first heap   total 107520K, used 49120K [0x0000000082000000, 0x0000000100000000)
  region size 1024K, 4 young (4096K), 4 survivors (4096K)
 Metaspace       used 68972K, committed 69504K, reserved 1114112K
  class space    used 9410K, committed 9664K, reserved 1048576K
}
Event: 40.702 GC heap before
{Heap before GC invocations=20 (full 0):
 garbage-first heap   total 107520K, used 77792K [0x0000000082000000, 0x0000000100000000)
  region size 1024K, 33 young (33792K), 4 survivors (4096K)
 Metaspace       used 68972K, committed 69504K, reserved 1114112K
  class space    used 9410K, committed 9664K, reserved 1048576K
}
Event: 40.705 GC heap after
{Heap after GC invocations=21 (full 0):
 garbage-first heap   total 107520K, used 57506K [0x0000000082000000, 0x0000000100000000)
  region size 1024K, 5 young (5120K), 5 survivors (5120K)
 Metaspace       used 68972K, committed 69504K, reserved 1114112K
  class space    used 9410K, committed 9664K, reserved 1048576K
}
Event: 40.708 GC heap before
{Heap before GC invocations=21 (full 0):
 garbage-first heap   total 107520K, used 79010K [0x0000000082000000, 0x0000000100000000)
  region size 1024K, 27 young (27648K), 5 survivors (5120K)
 Metaspace       used 68972K, committed 69504K, reserved 1114112K
  class space    used 9410K, committed 9664K, reserved 1048576K
}
Event: 40.710 GC heap after
{Heap after GC invocations=22 (full 0):
 garbage-first heap   total 107520K, used 63816K [0x0000000082000000, 0x0000000100000000)
  region size 1024K, 4 young (4096K), 4 survivors (4096K)
 Metaspace       used 68972K, committed 69504K, reserved 1114112K
  class space    used 9410K, committed 9664K, reserved 1048576K
}
Event: 40.713 GC heap before
{Heap before GC invocations=22 (full 0):
 garbage-first heap   total 107520K, used 81224K [0x0000000082000000, 0x0000000100000000)
  region size 1024K, 22 young (22528K), 4 survivors (4096K)
 Metaspace       used 68972K, committed 69504K, reserved 1114112K
  class space    used 9410K, committed 9664K, reserved 1048576K
}
Event: 40.715 GC heap after
{Heap after GC invocations=23 (full 0):
 garbage-first heap   total 107520K, used 69102K [0x0000000082000000, 0x0000000100000000)
  region size 1024K, 3 young (3072K), 3 survivors (3072K)
 Metaspace       used 68972K, committed 69504K, reserved 1114112K
  class space    used 9410K, committed 9664K, reserved 1048576K
}
Event: 40.717 GC heap before
{Heap before GC invocations=23 (full 0):
 garbage-first heap   total 107520K, used 83438K [0x0000000082000000, 0x0000000100000000)
  region size 1024K, 18 young (18432K), 3 survivors (3072K)
 Metaspace       used 68972K, committed 69504K, reserved 1114112K
  class space    used 9410K, committed 9664K, reserved 1048576K
}

