# JRE version: OpenJDK Runtime Environment Temurin-17.0.6+10 (17.0.6+10) (build 17.0.6+10)
# Java VM: OpenJDK 64-Bit Server VM Temurin-17.0.6+10 (17.0.6+10, mixed mode, emulated-client, tiered, compressed oops, compressed class ptrs, g1 gc, windows-amd64)
GC Precious Log:
 CPUs: 8 total, 8 available
 Memory: 8058M
 Large Page Support: Disabled
 NUMA Support: Disabled
 Compressed Oops: Enabled (32-bit)
 Heap Region Size: 1M
 Heap Min Capacity: 8M
 Heap Initial Capacity: 126M
 Heap Max Capacity: 2016M
 Pre-touch: Disabled
 Parallel Workers: 8
 Concurrent Workers: 2
 Concurrent Refinement Workers: 8
 Periodic GC: Disabled
Heap:
 garbage-first heap   total 71680K, used 31540K [0x0000000082000000, 0x0000000100000000)
  region size 1024K, 6 young (6144K), 4 survivors (4096K)
 Metaspace       used 66244K, committed 66688K, reserved 1114112K
  class space    used 9081K, committed 9344K, reserved 1048576K
GC Heap History (20 events):
Event: 6.794 GC heap before
{Heap before GC invocations=11 (full 0):
 garbage-first heap   total 49152K, used 35822K [0x0000000082000000, 0x0000000100000000)
  region size 1024K, 21 young (21504K), 1 survivors (1024K)
 Metaspace       used 38622K, committed 38976K, reserved 1089536K
  class space    used 4989K, committed 5120K, reserved 1048576K
}
Event: 6.811 GC heap after
{Heap after GC invocations=12 (full 0):
 garbage-first heap   total 49152K, used 18149K [0x0000000082000000, 0x0000000100000000)
  region size 1024K, 3 young (3072K), 3 survivors (3072K)
 Metaspace       used 38622K, committed 38976K, reserved 1089536K
  class space    used 4989K, committed 5120K, reserved 1048576K
}
Event: 7.649 GC heap before
{Heap before GC invocations=12 (full 0):
 garbage-first heap   total 49152K, used 35557K [0x0000000082000000, 0x0000000100000000)
  region size 1024K, 21 young (21504K), 3 survivors (3072K)
 Metaspace       used 41623K, committed 41984K, reserved 1089536K
  class space    used 5424K, committed 5632K, reserved 1048576K
}
Event: 7.660 GC heap after
{Heap after GC invocations=13 (full 0):
 garbage-first heap   total 49152K, used 19341K [0x0000000082000000, 0x0000000100000000)
  region size 1024K, 2 young (2048K), 2 survivors (2048K)
 Metaspace       used 41623K, committed 41984K, reserved 1089536K
  class space    used 5424K, committed 5632K, reserved 1048576K
}
Event: 8.432 GC heap before
{Heap before GC invocations=13 (full 0):
 garbage-first heap   total 49152K, used 36749K [0x0000000082000000, 0x0000000100000000)
  region size 1024K, 20 young (20480K), 2 survivors (2048K)
 Metaspace       used 46809K, committed 47104K, reserved 1097728K
  class space    used 6205K, committed 6336K, reserved 1048576K
}
Event: 8.444 GC heap after
{Heap after GC invocations=14 (full 0):
 garbage-first heap   total 59392K, used 20765K [0x0000000082000000, 0x0000000100000000)
  region size 1024K, 3 young (3072K), 3 survivors (3072K)
 Metaspace       used 46809K, committed 47104K, reserved 1097728K
  class space    used 6205K, committed 6336K, reserved 1048576K
}
Event: 9.476 GC heap before
{Heap before GC invocations=14 (full 0):
 garbage-first heap   total 59392K, used 45341K [0x0000000082000000, 0x0000000100000000)
  region size 1024K, 27 young (27648K), 3 survivors (3072K)
 Metaspace       used 52499K, committed 52928K, reserved 1097728K
  class space    used 6957K, committed 7168K, reserved 1048576K
}
Event: 9.493 GC heap after
{Heap after GC invocations=15 (full 0):
 garbage-first heap   total 59392K, used 22709K [0x0000000082000000, 0x0000000100000000)
  region size 1024K, 4 young (4096K), 4 survivors (4096K)
 Metaspace       used 52499K, committed 52928K, reserved 1097728K
  class space    used 6957K, committed 7168K, reserved 1048576K
}
Event: 10.610 GC heap before
{Heap before GC invocations=15 (full 0):
 garbage-first heap   total 59392K, used 46261K [0x0000000082000000, 0x0000000100000000)
  region size 1024K, 27 young (27648K), 4 survivors (4096K)
 Metaspace       used 56837K, committed 57216K, reserved 1105920K
  class space    used 7723K, committed 7936K, reserved 1048576K
}
Event: 10.625 GC heap after
{Heap after GC invocations=16 (full 0):
 garbage-first heap   total 59392K, used 23786K [0x0000000082000000, 0x0000000100000000)
  region size 1024K, 3 young (3072K), 3 survivors (3072K)
 Metaspace       used 56837K, committed 57216K, reserved 1105920K
  class space    used 7723K, committed 7936K, reserved 1048576K
}
Event: 11.337 GC heap before
{Heap before GC invocations=16 (full 0):
 garbage-first heap   total 59392K, used 46314K [0x0000000082000000, 0x0000000100000000)
  region size 1024K, 26 young (26624K), 3 survivors (3072K)
 Metaspace       used 59337K, committed 59776K, reserved 1105920K
  class space    used 8073K, committed 8320K, reserved 1048576K
}
Event: 11.351 GC heap after
{Heap after GC invocations=17 (full 0):
 garbage-first heap   total 59392K, used 25520K [0x0000000082000000, 0x0000000100000000)
  region size 1024K, 3 young (3072K), 3 survivors (3072K)
 Metaspace       used 59337K, committed 59776K, reserved 1105920K
  class space    used 8073K, committed 8320K, reserved 1048576K
}
Event: 11.494 GC heap before
{Heap before GC invocations=17 (full 0):
 garbage-first heap   total 59392K, used 30640K [0x0000000082000000, 0x0000000100000000)
  region size 1024K, 9 young (9216K), 3 survivors (3072K)
 Metaspace       used 60020K, committed 60416K, reserved 1105920K
  class space    used 8174K, committed 8384K, reserved 1048576K
}
Event: 11.509 GC heap after
{Heap after GC invocations=18 (full 0):
 garbage-first heap   total 71680K, used 25908K [0x0000000082000000, 0x0000000100000000)
  region size 1024K, 1 young (1024K), 1 survivors (1024K)
 Metaspace       used 60020K, committed 60416K, reserved 1105920K
  class space    used 8174K, committed 8384K, reserved 1048576K
}
Event: 12.114 GC heap before
{Heap before GC invocations=19 (full 0):
 garbage-first heap   total 71680K, used 58676K [0x0000000082000000, 0x0000000100000000)
  region size 1024K, 33 young (33792K), 1 survivors (1024K)
 Metaspace       used 61127K, committed 61568K, reserved 1105920K
  class space    used 8372K, committed 8576K, reserved 1048576K
}
Event: 12.119 GC heap after
{Heap after GC invocations=20 (full 0):
 garbage-first heap   total 71680K, used 26942K [0x0000000082000000, 0x0000000100000000)
  region size 1024K, 2 young (2048K), 2 survivors (2048K)
 Metaspace       used 61127K, committed 61568K, reserved 1105920K
  class space    used 8372K, committed 8576K, reserved 1048576K
}
Event: 12.639 GC heap before
{Heap before GC invocations=20 (full 0):
 garbage-first heap   total 71680K, used 57662K [0x0000000082000000, 0x0000000100000000)
  region size 1024K, 32 young (32768K), 2 survivors (2048K)
 Metaspace       used 62383K, committed 62848K, reserved 1105920K
  class space    used 8549K, committed 8768K, reserved 1048576K
}
Event: 12.645 GC heap after
{Heap after GC invocations=21 (full 0):
 garbage-first heap   total 71680K, used 28457K [0x0000000082000000, 0x0000000100000000)
  region size 1024K, 3 young (3072K), 3 survivors (3072K)
 Metaspace       used 62383K, committed 62848K, reserved 1105920K
  class space    used 8549K, committed 8768K, reserved 1048576K
}
Event: 44.036 GC heap before
{Heap before GC invocations=21 (full 0):
 garbage-first heap   total 71680K, used 57129K [0x0000000082000000, 0x0000000100000000)
  region size 1024K, 32 young (32768K), 3 survivors (3072K)
 Metaspace       used 65673K, committed 66176K, reserved 1105920K
  class space    used 9018K, committed 9280K, reserved 1048576K
}
Event: 44.045 GC heap after
{Heap after GC invocations=22 (full 0):
 garbage-first heap   total 71680K, used 30516K [0x0000000082000000, 0x0000000100000000)
  region size 1024K, 4 young (4096K), 4 survivors (4096K)
 Metaspace       used 65673K, committed 66176K, reserved 1105920K
  class space    used 9018K, committed 9280K, reserved 1048576K
}

