# JRE version: OpenJDK Runtime Environment Temurin-17.0.6+10 (17.0.6+10) (build 17.0.6+10)
# Java VM: OpenJDK 64-Bit Server VM Temurin-17.0.6+10 (17.0.6+10, mixed mode, emulated-client, tiered, compressed oops, compressed class ptrs, g1 gc, windows-amd64)
GC Precious Log:
 CPUs: 8 total, 8 available
 Memory: 8058M
 Large Page Support: Disabled
 NUMA Support: Disabled
 Compressed Oops: Enabled (32-bit)
 Heap Region Size: 1M
 Heap Min Capacity: 8M
 Heap Initial Capacity: 126M
 Heap Max Capacity: 2016M
 Pre-touch: Disabled
 Parallel Workers: 8
 Concurrent Workers: 2
 Concurrent Refinement Workers: 8
 Periodic GC: Disabled
Heap:
 garbage-first heap   total 322560K, used 184293K [0x0000000082000000, 0x0000000100000000)
  region size 1024K, 11 young (11264K), 11 survivors (11264K)
 Metaspace       used 68978K, committed 69504K, reserved 1114112K
  class space    used 9410K, committed 9664K, reserved 1048576K
GC Heap History (20 events):
Event: 20.609 GC heap after
{Heap after GC invocations=18 (full 0):
 garbage-first heap   total 107520K, used 30254K [0x0000000082000000, 0x0000000100000000)
  region size 1024K, 6 young (6144K), 6 survivors (6144K)
 Metaspace       used 66880K, committed 67328K, reserved 1114112K
  class space    used 9168K, committed 9408K, reserved 1048576K
}
Event: 20.798 GC heap before
{Heap before GC invocations=18 (full 0):
 garbage-first heap   total 107520K, used 82478K [0x0000000082000000, 0x0000000100000000)
  region size 1024K, 58 young (59392K), 6 survivors (6144K)
 Metaspace       used 68978K, committed 69504K, reserved 1114112K
  class space    used 9410K, committed 9664K, reserved 1048576K
}
Event: 20.803 GC heap after
{Heap after GC invocations=19 (full 0):
 garbage-first heap   total 107520K, used 43382K [0x0000000082000000, 0x0000000100000000)
  region size 1024K, 8 young (8192K), 8 survivors (8192K)
 Metaspace       used 68978K, committed 69504K, reserved 1114112K
  class space    used 9410K, committed 9664K, reserved 1048576K
}
Event: 20.808 GC heap before
{Heap before GC invocations=19 (full 0):
 garbage-first heap   total 107520K, used 79222K [0x0000000082000000, 0x0000000100000000)
  region size 1024K, 44 young (45056K), 8 survivors (8192K)
 Metaspace       used 68978K, committed 69504K, reserved 1114112K
  class space    used 9410K, committed 9664K, reserved 1048576K
}
Event: 20.812 GC heap after
{Heap after GC invocations=20 (full 0):
 garbage-first heap   total 107520K, used 54314K [0x0000000082000000, 0x0000000100000000)
  region size 1024K, 6 young (6144K), 6 survivors (6144K)
 Metaspace       used 68978K, committed 69504K, reserved 1114112K
  class space    used 9410K, committed 9664K, reserved 1048576K
}
Event: 20.815 GC heap before
{Heap before GC invocations=20 (full 0):
 garbage-first heap   total 107520K, used 79914K [0x0000000082000000, 0x0000000100000000)
  region size 1024K, 32 young (32768K), 6 survivors (6144K)
 Metaspace       used 68978K, committed 69504K, reserved 1114112K
  class space    used 9410K, committed 9664K, reserved 1048576K
}
Event: 20.818 GC heap after
{Heap after GC invocations=21 (full 0):
 garbage-first heap   total 107520K, used 62174K [0x0000000082000000, 0x0000000100000000)
  region size 1024K, 4 young (4096K), 4 survivors (4096K)
 Metaspace       used 68978K, committed 69504K, reserved 1114112K
  class space    used 9410K, committed 9664K, reserved 1048576K
}
Event: 20.821 GC heap before
{Heap before GC invocations=21 (full 0):
 garbage-first heap   total 107520K, used 80606K [0x0000000082000000, 0x0000000100000000)
  region size 1024K, 23 young (23552K), 4 survivors (4096K)
 Metaspace       used 68978K, committed 69504K, reserved 1114112K
  class space    used 9410K, committed 9664K, reserved 1048576K
}
Event: 20.823 GC heap after
{Heap after GC invocations=22 (full 0):
 garbage-first heap   total 107520K, used 67958K [0x0000000082000000, 0x0000000100000000)
  region size 1024K, 3 young (3072K), 3 survivors (3072K)
 Metaspace       used 68978K, committed 69504K, reserved 1114112K
  class space    used 9410K, committed 9664K, reserved 1048576K
}
Event: 20.825 GC heap before
{Heap before GC invocations=22 (full 0):
 garbage-first heap   total 107520K, used 83318K [0x0000000082000000, 0x0000000100000000)
  region size 1024K, 19 young (19456K), 3 survivors (3072K)
 Metaspace       used 68978K, committed 69504K, reserved 1114112K
  class space    used 9410K, committed 9664K, reserved 1048576K
}
Event: 20.828 GC heap after
{Heap after GC invocations=23 (full 0):
 garbage-first heap   total 322560K, used 72580K [0x0000000082000000, 0x0000000100000000)
  region size 1024K, 3 young (3072K), 3 survivors (3072K)
 Metaspace       used 68978K, committed 69504K, reserved 1114112K
  class space    used 9410K, committed 9664K, reserved 1048576K
}
Event: 20.907 GC heap before
{Heap before GC invocations=24 (full 0):
 garbage-first heap   total 322560K, used 202628K [0x0000000082000000, 0x0000000100000000)
  region size 1024K, 131 young (134144K), 3 survivors (3072K)
 Metaspace       used 68978K, committed 69504K, reserved 1114112K
  class space    used 9410K, committed 9664K, reserved 1048576K
}
Event: 20.915 GC heap after
{Heap after GC invocations=25 (full 0):
 garbage-first heap   total 322560K, used 109944K [0x0000000082000000, 0x0000000100000000)
  region size 1024K, 17 young (17408K), 17 survivors (17408K)
 Metaspace       used 68978K, committed 69504K, reserved 1114112K
  class space    used 9410K, committed 9664K, reserved 1048576K
}
Event: 20.916 GC heap before
{Heap before GC invocations=25 (full 0):
 garbage-first heap   total 322560K, used 115064K [0x0000000082000000, 0x0000000100000000)
  region size 1024K, 23 young (23552K), 17 survivors (17408K)
 Metaspace       used 68978K, committed 69504K, reserved 1114112K
  class space    used 9410K, committed 9664K, reserved 1048576K
}
Event: 20.920 GC heap after
{Heap after GC invocations=26 (full 0):
 garbage-first heap   total 322560K, used 112090K [0x0000000082000000, 0x0000000100000000)
  region size 1024K, 2 young (2048K), 2 survivors (2048K)
 Metaspace       used 68978K, committed 69504K, reserved 1114112K
  class space    used 9410K, committed 9664K, reserved 1048576K
}
Event: 20.929 GC heap before
{Heap before GC invocations=26 (full 0):
 garbage-first heap   total 322560K, used 207322K [0x0000000082000000, 0x0000000100000000)
  region size 1024K, 96 young (98304K), 2 survivors (2048K)
 Metaspace       used 68978K, committed 69504K, reserved 1114112K
  class space    used 9410K, committed 9664K, reserved 1048576K
}
Event: 20.935 GC heap after
{Heap after GC invocations=27 (full 0):
 garbage-first heap   total 322560K, used 139596K [0x0000000082000000, 0x0000000100000000)
  region size 1024K, 12 young (12288K), 12 survivors (12288K)
 Metaspace       used 68978K, committed 69504K, reserved 1114112K
  class space    used 9410K, committed 9664K, reserved 1048576K
}
Event: 20.943 GC heap before
{Heap before GC invocations=27 (full 0):
 garbage-first heap   total 322560K, used 222540K [0x0000000082000000, 0x0000000100000000)
  region size 1024K, 94 young (96256K), 12 survivors (12288K)
 Metaspace       used 68978K, committed 69504K, reserved 1114112K
  class space    used 9410K, committed 9664K, reserved 1048576K
}
Event: 20.951 GC heap after
{Heap after GC invocations=28 (full 0):
 garbage-first heap   total 322560K, used 163650K [0x0000000082000000, 0x0000000100000000)
  region size 1024K, 12 young (12288K), 12 survivors (12288K)
 Metaspace       used 68978K, committed 69504K, reserved 1114112K
  class space    used 9410K, committed 9664K, reserved 1048576K
}
Event: 20.958 GC heap before
{Heap before GC invocations=28 (full 0):
 garbage-first heap   total 322560K, used 235330K [0x0000000082000000, 0x0000000100000000)
  region size 1024K, 83 young (84992K), 12 survivors (12288K)
 Metaspace       used 68978K, committed 69504K, reserved 1114112K
  class space    used 9410K, committed 9664K, reserved 1048576K
}

