# JRE version: OpenJDK Runtime Environment Temurin-17.0.6+10 (17.0.6+10) (build 17.0.6+10)
# Java VM: OpenJDK 64-Bit Server VM Temurin-17.0.6+10 (17.0.6+10, mixed mode, emulated-client, tiered, compressed oops, compressed class ptrs, g1 gc, windows-amd64)
GC Precious Log:
 CPUs: 8 total, 8 available
 Memory: 8058M
 Large Page Support: Disabled
 NUMA Support: Disabled
 Compressed Oops: Enabled (32-bit)
 Heap Region Size: 1M
 Heap Min Capacity: 8M
 Heap Initial Capacity: 126M
 Heap Max Capacity: 2016M
 Pre-touch: Disabled
 Parallel Workers: 8
 Concurrent Workers: 2
 Concurrent Refinement Workers: 8
 Periodic GC: Disabled
Heap:
 garbage-first heap   total 206848K, used 124948K [0x0000000082000000, 0x0000000100000000)
  region size 1024K, 7 young (7168K), 7 survivors (7168K)
 Metaspace       used 68970K, committed 69504K, reserved 1114112K
  class space    used 9415K, committed 9664K, reserved 1048576K
GC Heap History (20 events):
Event: 4.605 GC heap after
{Heap after GC invocations=16 (full 0):
 garbage-first heap   total 138240K, used 25215K [0x0000000082000000, 0x0000000100000000)
  region size 1024K, 3 young (3072K), 3 survivors (3072K)
 Metaspace       used 60020K, committed 60416K, reserved 1105920K
  class space    used 8168K, committed 8384K, reserved 1048576K
}
Event: 5.013 GC heap before
{Heap before GC invocations=17 (full 0):
 garbage-first heap   total 92160K, used 77439K [0x0000000082000000, 0x0000000100000000)
  region size 1024K, 54 young (55296K), 3 survivors (3072K)
 Metaspace       used 62123K, committed 62528K, reserved 1105920K
  class space    used 8508K, committed 8704K, reserved 1048576K
}
Event: 5.018 GC heap after
{Heap after GC invocations=18 (full 0):
 garbage-first heap   total 92160K, used 27176K [0x0000000082000000, 0x0000000100000000)
  region size 1024K, 5 young (5120K), 5 survivors (5120K)
 Metaspace       used 62123K, committed 62528K, reserved 1105920K
  class space    used 8508K, committed 8704K, reserved 1048576K
}
Event: 9.343 GC heap before
{Heap before GC invocations=18 (full 0):
 garbage-first heap   total 92160K, used 71208K [0x0000000082000000, 0x0000000100000000)
  region size 1024K, 48 young (49152K), 5 survivors (5120K)
 Metaspace       used 68518K, committed 68992K, reserved 1114112K
  class space    used 9362K, committed 9600K, reserved 1048576K
}
Event: 9.349 GC heap after
{Heap after GC invocations=19 (full 0):
 garbage-first heap   total 92160K, used 30015K [0x0000000082000000, 0x0000000100000000)
  region size 1024K, 6 young (6144K), 6 survivors (6144K)
 Metaspace       used 68518K, committed 68992K, reserved 1114112K
  class space    used 9362K, committed 9600K, reserved 1048576K
}
Event: 9.392 GC heap before
{Heap before GC invocations=19 (full 0):
 garbage-first heap   total 92160K, used 70975K [0x0000000082000000, 0x0000000100000000)
  region size 1024K, 47 young (48128K), 6 survivors (6144K)
 Metaspace       used 68970K, committed 69504K, reserved 1114112K
  class space    used 9415K, committed 9664K, reserved 1048576K
}
Event: 9.397 GC heap after
{Heap after GC invocations=20 (full 0):
 garbage-first heap   total 92160K, used 41559K [0x0000000082000000, 0x0000000100000000)
  region size 1024K, 6 young (6144K), 6 survivors (6144K)
 Metaspace       used 68970K, committed 69504K, reserved 1114112K
  class space    used 9415K, committed 9664K, reserved 1048576K
}
Event: 9.400 GC heap before
{Heap before GC invocations=20 (full 0):
 garbage-first heap   total 92160K, used 68183K [0x0000000082000000, 0x0000000100000000)
  region size 1024K, 33 young (33792K), 6 survivors (6144K)
 Metaspace       used 68970K, committed 69504K, reserved 1114112K
  class space    used 9415K, committed 9664K, reserved 1048576K
}
Event: 9.403 GC heap after
{Heap after GC invocations=21 (full 0):
 garbage-first heap   total 92160K, used 50038K [0x0000000082000000, 0x0000000100000000)
  region size 1024K, 5 young (5120K), 5 survivors (5120K)
 Metaspace       used 68970K, committed 69504K, reserved 1114112K
  class space    used 9415K, committed 9664K, reserved 1048576K
}
Event: 9.406 GC heap before
{Heap before GC invocations=21 (full 0):
 garbage-first heap   total 92160K, used 69494K [0x0000000082000000, 0x0000000100000000)
  region size 1024K, 25 young (25600K), 5 survivors (5120K)
 Metaspace       used 68970K, committed 69504K, reserved 1114112K
  class space    used 9415K, committed 9664K, reserved 1048576K
}
Event: 9.409 GC heap after
{Heap after GC invocations=22 (full 0):
 garbage-first heap   total 206848K, used 56375K [0x0000000082000000, 0x0000000100000000)
  region size 1024K, 4 young (4096K), 4 survivors (4096K)
 Metaspace       used 68970K, committed 69504K, reserved 1114112K
  class space    used 9415K, committed 9664K, reserved 1048576K
}
Event: 9.471 GC heap before
{Heap before GC invocations=23 (full 0):
 garbage-first heap   total 206848K, used 137271K [0x0000000082000000, 0x0000000100000000)
  region size 1024K, 84 young (86016K), 4 survivors (4096K)
 Metaspace       used 68970K, committed 69504K, reserved 1114112K
  class space    used 9415K, committed 9664K, reserved 1048576K
}
Event: 9.477 GC heap after
{Heap after GC invocations=24 (full 0):
 garbage-first heap   total 206848K, used 79567K [0x0000000082000000, 0x0000000100000000)
  region size 1024K, 11 young (11264K), 11 survivors (11264K)
 Metaspace       used 68970K, committed 69504K, reserved 1114112K
  class space    used 9415K, committed 9664K, reserved 1048576K
}
Event: 9.478 GC heap before
{Heap before GC invocations=24 (full 0):
 garbage-first heap   total 206848K, used 83663K [0x0000000082000000, 0x0000000100000000)
  region size 1024K, 16 young (16384K), 11 survivors (11264K)
 Metaspace       used 68970K, committed 69504K, reserved 1114112K
  class space    used 9415K, committed 9664K, reserved 1048576K
}
Event: 9.480 GC heap after
{Heap after GC invocations=25 (full 0):
 garbage-first heap   total 206848K, used 81218K [0x0000000082000000, 0x0000000100000000)
  region size 1024K, 2 young (2048K), 2 survivors (2048K)
 Metaspace       used 68970K, committed 69504K, reserved 1114112K
  class space    used 9415K, committed 9664K, reserved 1048576K
}
Event: 9.486 GC heap before
{Heap before GC invocations=25 (full 0):
 garbage-first heap   total 206848K, used 140610K [0x0000000082000000, 0x0000000100000000)
  region size 1024K, 61 young (62464K), 2 survivors (2048K)
 Metaspace       used 68970K, committed 69504K, reserved 1114112K
  class space    used 9415K, committed 9664K, reserved 1048576K
}
Event: 9.490 GC heap after
{Heap after GC invocations=26 (full 0):
 garbage-first heap   total 206848K, used 98488K [0x0000000082000000, 0x0000000100000000)
  region size 1024K, 8 young (8192K), 8 survivors (8192K)
 Metaspace       used 68970K, committed 69504K, reserved 1114112K
  class space    used 9415K, committed 9664K, reserved 1048576K
}
Event: 9.495 GC heap before
{Heap before GC invocations=26 (full 0):
 garbage-first heap   total 206848K, used 148664K [0x0000000082000000, 0x0000000100000000)
  region size 1024K, 58 young (59392K), 8 survivors (8192K)
 Metaspace       used 68970K, committed 69504K, reserved 1114112K
  class space    used 9415K, committed 9664K, reserved 1048576K
}
Event: 9.500 GC heap after
{Heap after GC invocations=27 (full 0):
 garbage-first heap   total 206848K, used 112990K [0x0000000082000000, 0x0000000100000000)
  region size 1024K, 8 young (8192K), 8 survivors (8192K)
 Metaspace       used 68970K, committed 69504K, reserved 1114112K
  class space    used 9415K, committed 9664K, reserved 1048576K
}
Event: 9.504 GC heap before
{Heap before GC invocations=27 (full 0):
 garbage-first heap   total 206848K, used 153950K [0x0000000082000000, 0x0000000100000000)
  region size 1024K, 49 young (50176K), 8 survivors (8192K)
 Metaspace       used 68970K, committed 69504K, reserved 1114112K
  class space    used 9415K, committed 9664K, reserved 1048576K
}

